# JRE version: Java(TM) SE Runtime Environment (8.0_45-b15) (build 1.8.0_45-b15)
# Java VM: Java HotSpot(TM) 64-Bit Server VM (25.45-b02 mixed mode windows-amd64 compressed oops)
Heap:
 PSYoungGen      total 56320K, used 27521K [0x00000007bc400000, 0x00000007c0000000, 0x00000007c0000000)
  eden space 50688K, 52% used [0x00000007bc400000,0x00000007bddf02b8,0x00000007bf580000)
  from space 5632K, 17% used [0x00000007bfa80000,0x00000007bfb70200,0x00000007c0000000)
  to   space 5120K, 0% used [0x00000007bf580000,0x00000007bf580000,0x00000007bfa80000)
 ParOldGen       total 127488K, used 89766K [0x0000000700000000, 0x0000000707c80000, 0x00000007bc400000)
  object space 127488K, 70% used [0x0000000700000000,0x00000007057a9b38,0x0000000707c80000)
 Metaspace       used 71196K, capacity 71577K, committed 72320K, reserved 1112064K
  class space    used 10408K, capacity 10506K, committed 10624K, reserved 1048576K
GC Heap History (10 events):
Event: 2643.681 GC heap before
{Heap before GC invocations=381 (full 15):
 PSYoungGen      total 55808K, used 50752K [0x00000007bc400000, 0x00000007c0000000, 0x00000007c0000000)
  eden space 50176K, 100% used [0x00000007bc400000,0x00000007bf500000,0x00000007bf500000)
  from space 5632K, 10% used [0x00000007bf500000,0x00000007bf590000,0x00000007bfa80000)
  to   space 5632K, 0% used [0x00000007bfa80000,0x00000007bfa80000,0x00000007c0000000)
 ParOldGen       total 127488K, used 89750K [0x0000000700000000, 0x0000000707c80000, 0x00000007bc400000)
  object space 127488K, 70% used [0x0000000700000000,0x00000007057a5b38,0x0000000707c80000)
 Metaspace       used 71184K, capacity 71577K, committed 72320K, reserved 1112064K
  class space    used 10408K, capacity 10506K, committed 10624K, reserved 1048576K
Event: 2643.684 GC heap after
Heap after GC invocations=381 (full 15):
 PSYoungGen      total 55808K, used 672K [0x00000007bc400000, 0x00000007c0000000, 0x00000007c0000000)
  eden space 50176K, 0% used [0x00000007bc400000,0x00000007bc400000,0x00000007bf500000)
  from space 5632K, 11% used [0x00000007bfa80000,0x00000007bfb28000,0x00000007c0000000)
  to   space 5632K, 0% used [0x00000007bf500000,0x00000007bf500000,0x00000007bfa80000)
 ParOldGen       total 127488K, used 89758K [0x0000000700000000, 0x0000000707c80000, 0x00000007bc400000)
  object space 127488K, 70% used [0x0000000700000000,0x00000007057a7b38,0x0000000707c80000)
 Metaspace       used 71184K, capacity 71577K, committed 72320K, reserved 1112064K
  class space    used 10408K, capacity 10506K, committed 10624K, reserved 1048576K
}
Event: 2644.634 GC heap before
{Heap before GC invocations=382 (full 15):
 PSYoungGen      total 55808K, used 50848K [0x00000007bc400000, 0x00000007c0000000, 0x00000007c0000000)
  eden space 50176K, 100% used [0x00000007bc400000,0x00000007bf500000,0x00000007bf500000)
  from space 5632K, 11% used [0x00000007bfa80000,0x00000007bfb28000,0x00000007c0000000)
  to   space 5632K, 0% used [0x00000007bf500000,0x00000007bf500000,0x00000007bfa80000)
 ParOldGen       total 127488K, used 89758K [0x0000000700000000, 0x0000000707c80000, 0x00000007bc400000)
  object space 127488K, 70% used [0x0000000700000000,0x00000007057a7b38,0x0000000707c80000)
 Metaspace       used 71184K, capacity 71577K, committed 72320K, reserved 1112064K
  class space    used 10408K, capacity 10506K, committed 10624K, reserved 1048576K
Event: 2644.637 GC heap after
Heap after GC invocations=382 (full 15):
 PSYoungGen      total 55808K, used 736K [0x00000007bc400000, 0x00000007c0000000, 0x00000007c0000000)
  eden space 50176K, 0% used [0x00000007bc400000,0x00000007bc400000,0x00000007bf500000)
  from space 5632K, 13% used [0x00000007bf500000,0x00000007bf5b8000,0x00000007bfa80000)
  to   space 5632K, 0% used [0x00000007bfa80000,0x00000007bfa80000,0x00000007c0000000)
 ParOldGen       total 127488K, used 89766K [0x0000000700000000, 0x0000000707c80000, 0x00000007bc400000)
  object space 127488K, 70% used [0x0000000700000000,0x00000007057a9b38,0x0000000707c80000)
 Metaspace       used 71184K, capacity 71577K, committed 72320K, reserved 1112064K
  class space    used 10408K, capacity 10506K, committed 10624K, reserved 1048576K
}
Event: 2645.358 GC heap before
{Heap before GC invocations=383 (full 15):
 PSYoungGen      total 55808K, used 50912K [0x00000007bc400000, 0x00000007c0000000, 0x00000007c0000000)
  eden space 50176K, 100% used [0x00000007bc400000,0x00000007bf500000,0x00000007bf500000)
  from space 5632K, 13% used [0x00000007bf500000,0x00000007bf5b8000,0x00000007bfa80000)
  to   space 5632K, 0% used [0x00000007bfa80000,0x00000007bfa80000,0x00000007c0000000)
 ParOldGen       total 127488K, used 89766K [0x0000000700000000, 0x0000000707c80000, 0x00000007bc400000)
  object space 127488K, 70% used [0x0000000700000000,0x00000007057a9b38,0x0000000707c80000)
 Metaspace       used 71186K, capacity 71577K, committed 72320K, reserved 1112064K
  class space    used 10408K, capacity 10506K, committed 10624K, reserved 1048576K
Event: 2645.361 GC heap after
Heap after GC invocations=383 (full 15):
 PSYoungGen      total 55808K, used 768K [0x00000007bc400000, 0x00000007c0000000, 0x00000007c0000000)
  eden space 50176K, 0% used [0x00000007bc400000,0x00000007bc400000,0x00000007bf500000)
  from space 5632K, 13% used [0x00000007bfa80000,0x00000007bfb40000,0x00000007c0000000)
  to   space 5632K, 0% used [0x00000007bf500000,0x00000007bf500000,0x00000007bfa80000)
 ParOldGen       total 127488K, used 89766K [0x0000000700000000, 0x0000000707c80000, 0x00000007bc400000)
  object space 127488K, 70% used [0x0000000700000000,0x00000007057a9b38,0x0000000707c80000)
 Metaspace       used 71186K, capacity 71577K, committed 72320K, reserved 1112064K
  class space    used 10408K, capacity 10506K, committed 10624K, reserved 1048576K
}
Event: 2645.623 GC heap before
{Heap before GC invocations=384 (full 15):
 PSYoungGen      total 55808K, used 50944K [0x00000007bc400000, 0x00000007c0000000, 0x00000007c0000000)
  eden space 50176K, 100% used [0x00000007bc400000,0x00000007bf500000,0x00000007bf500000)
  from space 5632K, 13% used [0x00000007bfa80000,0x00000007bfb40000,0x00000007c0000000)
  to   space 5632K, 0% used [0x00000007bf500000,0x00000007bf500000,0x00000007bfa80000)
 ParOldGen       total 127488K, used 89766K [0x0000000700000000, 0x0000000707c80000, 0x00000007bc400000)
  object space 127488K, 70% used [0x0000000700000000,0x00000007057a9b38,0x0000000707c80000)
 Metaspace       used 71186K, capacity 71577K, committed 72320K, reserved 1112064K
  class space    used 10408K, capacity 10506K, committed 10624K, reserved 1048576K
Event: 2645.626 GC heap after
Heap after GC invocations=384 (full 15):
 PSYoungGen      total 55808K, used 704K [0x00000007bc400000, 0x00000007c0000000, 0x00000007c0000000)
  eden space 50176K, 0% used [0x00000007bc400000,0x00000007bc400000,0x00000007bf500000)
  from space 5632K, 12% used [0x00000007bf500000,0x00000007bf5b0000,0x00000007bfa80000)
  to   space 5632K, 0% used [0x00000007bfa80000,0x00000007bfa80000,0x00000007c0000000)
 ParOldGen       total 127488K, used 89766K [0x0000000700000000, 0x0000000707c80000, 0x00000007bc400000)
  object space 127488K, 70% used [0x0000000700000000,0x00000007057a9b38,0x0000000707c80000)
 Metaspace       used 71186K, capacity 71577K, committed 72320K, reserved 1112064K
  class space    used 10408K, capacity 10506K, committed 10624K, reserved 1048576K
}
Event: 2647.302 GC heap before
{Heap before GC invocations=385 (full 15):
 PSYoungGen      total 55808K, used 50880K [0x00000007bc400000, 0x00000007c0000000, 0x00000007c0000000)
  eden space 50176K, 100% used [0x00000007bc400000,0x00000007bf500000,0x00000007bf500000)
  from space 5632K, 12% used [0x00000007bf500000,0x00000007bf5b0000,0x00000007bfa80000)
  to   space 5632K, 0% used [0x00000007bfa80000,0x00000007bfa80000,0x00000007c0000000)
 ParOldGen       total 127488K, used 89766K [0x0000000700000000, 0x0000000707c80000, 0x00000007bc400000)
  object space 127488K, 70% used [0x0000000700000000,0x00000007057a9b38,0x0000000707c80000)
 Metaspace       used 71187K, capacity 71577K, committed 72320K, reserved 1112064K
  class space    used 10408K, capacity 10506K, committed 10624K, reserved 1048576K
Event: 2647.305 GC heap after
Heap after GC invocations=385 (full 15):
 PSYoungGen      total 56320K, used 960K [0x00000007bc400000, 0x00000007c0000000, 0x00000007c0000000)
  eden space 50688K, 0% used [0x00000007bc400000,0x00000007bc400000,0x00000007bf580000)
  from space 5632K, 17% used [0x00000007bfa80000,0x00000007bfb70200,0x00000007c0000000)
  to   space 5120K, 0% used [0x00000007bf580000,0x00000007bf580000,0x00000007bfa80000)
 ParOldGen       total 127488K, used 89766K [0x0000000700000000, 0x0000000707c80000, 0x00000007bc400000)
  object space 127488K, 70% used [0x0000000700000000,0x00000007057a9b38,0x0000000707c80000)
 Metaspace       used 71187K, capacity 71577K, committed 72320K, reserved 1112064K
  class space    used 10408K, capacity 10506K, committed 10624K, reserved 1048576K
}

